<?xml version="1.0" encoding="UTF-8"?>
<!-- Generated by org.testng.reporters.JUnitXMLReporter -->
<testsuite ignored="0" hostname="MSGN21027" failures="0" tests="2" name="Default test" time="59.313" errors="0" timestamp="2024-10-22T13:04:43 MESZ">
  <testcase classname="session337EmulatingSlowInternet.EmulatingSlowInternetDemo" name="normalSpeed" time="2.96"/>
  <testcase classname="session337EmulatingSlowInternet.EmulatingSlowInternetDemo" name="slowSpeed" time="53.544"/>
</testsuite> <!-- Default test -->
