<?xml version="1.0" encoding="UTF-8"?>
<!-- Generated by org.testng.reporters.JUnitXMLReporter -->
<testsuite ignored="0" hostname="MSGN21027" failures="0" tests="3" name="Test" time="12.764" errors="0" timestamp="2024-10-23T10:58:25 MESZ">
  <testcase classname="session344BrowserOptionClasses.OneCrome" name="testOnChrome" time="2.451"/>
  <testcase classname="session344BrowserOptionClasses.TwoFirefox" name="testOnFirefox" time="1.452"/>
  <testcase classname="session344BrowserOptionClasses.ThreeEdge" name="testOnEdge" time="1.225"/>
</testsuite> <!-- Test -->
